2024-10-27 09:53:06,131 [INFO] === Starting AI Assistant ===
2024-10-27 09:53:06,198 [DEBUG] Using selector: _Selector
2024-10-27 09:53:06,201 [DEBUG] load_ssl_context verify=True cert=None trust_env=True http2=False
2024-10-27 09:53:06,202 [DEBUG] load_verify_locations cafile='/home/dotdev/venvs/voice_venv/lib/python3.10/site-packages/certifi/cacert.pem'
2024-10-27 09:53:10,897 [DEBUG] = connection is CONNECTING
2024-10-27 09:53:10,897 [DEBUG] > GET /v1/listen?model=nova-2&smart_format=true&language=en&encoding=linear16&channels=1&sample_rate=48000 HTTP/1.1
2024-10-27 09:53:10,897 [DEBUG] > Host: api.deepgram.com
2024-10-27 09:53:10,897 [DEBUG] > Upgrade: websocket
2024-10-27 09:53:10,897 [DEBUG] > Connection: Upgrade
2024-10-27 09:53:10,897 [DEBUG] > Sec-WebSocket-Key: nwvIgnTPpo7AYXvjydPtaA==
2024-10-27 09:53:10,897 [DEBUG] > Sec-WebSocket-Version: 13
2024-10-27 09:53:10,897 [DEBUG] > Sec-WebSocket-Extensions: permessage-deflate; client_max_window_bits
2024-10-27 09:53:10,897 [DEBUG] > Accept: application/json
2024-10-27 09:53:10,897 [DEBUG] > Authorization: Token 5f697c5e4c36e70379f979b858b4626dddde913e
2024-10-27 09:53:10,897 [DEBUG] > User-Agent: @deepgram/sdk/v3.7.3 python/10.12
2024-10-27 09:53:10,897 [DEBUG] > User-Agent: Python/3.10 websockets/13.1
2024-10-27 09:53:10,934 [DEBUG] < HTTP/1.1 101 Switching Protocols
2024-10-27 09:53:10,935 [DEBUG] < connection: upgrade
2024-10-27 09:53:10,935 [DEBUG] < upgrade: websocket
2024-10-27 09:53:10,935 [DEBUG] < sec-websocket-accept: mXROS0xs21sAeiOSiFfHaHLZTfQ=
2024-10-27 09:53:10,935 [DEBUG] < access-control-allow-credentials: true
2024-10-27 09:53:10,935 [DEBUG] < vary: origin
2024-10-27 09:53:10,935 [DEBUG] < vary: access-control-request-method
2024-10-27 09:53:10,936 [DEBUG] < vary: access-control-request-headers
2024-10-27 09:53:10,936 [DEBUG] < access-control-expose-headers: dg-model-name,dg-model-uuid,dg-char-count,dg-request-id,dg-error
2024-10-27 09:53:10,936 [DEBUG] < dg-request-id: 09d7c190-5fb2-4963-ac1d-ef6cd74d80c0
2024-10-27 09:53:10,936 [DEBUG] < date: Sun, 27 Oct 2024 13:53:10 GMT
2024-10-27 09:53:10,937 [DEBUG] = connection is OPEN
2024-10-27 09:56:45,960 [INFO] === Starting AI Assistant ===
2024-10-27 09:56:46,029 [DEBUG] Using selector: _Selector
2024-10-27 09:56:46,032 [DEBUG] load_ssl_context verify=True cert=None trust_env=True http2=False
2024-10-27 09:56:46,033 [DEBUG] load_verify_locations cafile='/home/dotdev/venvs/voice_venv/lib/python3.10/site-packages/certifi/cacert.pem'
2024-10-27 09:56:47,940 [DEBUG] = connection is CONNECTING
2024-10-27 09:56:47,941 [DEBUG] > GET /v1/listen?model=nova-2&smart_format=true&language=en&encoding=linear16&channels=1&sample_rate=48000 HTTP/1.1
2024-10-27 09:56:47,941 [DEBUG] > Host: api.deepgram.com
2024-10-27 09:56:47,941 [DEBUG] > Upgrade: websocket
2024-10-27 09:56:47,941 [DEBUG] > Connection: Upgrade
2024-10-27 09:56:47,941 [DEBUG] > Sec-WebSocket-Key: GD2j4Cv+AvV3AeL2MQhNfQ==
2024-10-27 09:56:47,941 [DEBUG] > Sec-WebSocket-Version: 13
2024-10-27 09:56:47,941 [DEBUG] > Sec-WebSocket-Extensions: permessage-deflate; client_max_window_bits
2024-10-27 09:56:47,941 [DEBUG] > Accept: application/json
2024-10-27 09:56:47,941 [DEBUG] > Authorization: Token 5f697c5e4c36e70379f979b858b4626dddde913e
2024-10-27 09:56:47,941 [DEBUG] > User-Agent: @deepgram/sdk/v3.7.3 python/10.12
2024-10-27 09:56:47,941 [DEBUG] > User-Agent: Python/3.10 websockets/13.1
2024-10-27 09:56:47,983 [DEBUG] < HTTP/1.1 101 Switching Protocols
2024-10-27 09:56:47,984 [DEBUG] < connection: upgrade
2024-10-27 09:56:47,984 [DEBUG] < upgrade: websocket
2024-10-27 09:56:47,984 [DEBUG] < sec-websocket-accept: zCEMCjA296dHYlvSXbjPa1skgPc=
2024-10-27 09:56:47,984 [DEBUG] < access-control-allow-credentials: true
2024-10-27 09:56:47,985 [DEBUG] < vary: origin
2024-10-27 09:56:47,985 [DEBUG] < vary: access-control-request-method
2024-10-27 09:56:47,985 [DEBUG] < vary: access-control-request-headers
2024-10-27 09:56:47,985 [DEBUG] < access-control-expose-headers: dg-model-name,dg-model-uuid,dg-char-count,dg-request-id,dg-error
2024-10-27 09:56:47,985 [DEBUG] < dg-request-id: fb0ae3e1-696a-4473-a786-87085f066a3d
2024-10-27 09:56:47,986 [DEBUG] < date: Sun, 27 Oct 2024 13:56:47 GMT
2024-10-27 09:56:47,986 [DEBUG] = connection is OPEN
2024-10-27 09:59:53,381 [INFO] === Starting AI Assistant ===
2024-10-27 09:59:53,445 [DEBUG] Using selector: _Selector
2024-10-27 09:59:53,447 [DEBUG] load_ssl_context verify=True cert=None trust_env=True http2=False
2024-10-27 09:59:53,448 [DEBUG] load_verify_locations cafile='/home/dotdev/venvs/voice_venv/lib/python3.10/site-packages/certifi/cacert.pem'
2024-10-27 09:59:56,664 [DEBUG] = connection is CONNECTING
2024-10-27 09:59:56,665 [DEBUG] > GET /v1/listen?model=nova-2&smart_format=true&language=en&encoding=linear16&channels=1&sample_rate=48000 HTTP/1.1
2024-10-27 09:59:56,666 [DEBUG] > Host: api.deepgram.com
2024-10-27 09:59:56,666 [DEBUG] > Upgrade: websocket
2024-10-27 09:59:56,666 [DEBUG] > Connection: Upgrade
2024-10-27 09:59:56,666 [DEBUG] > Sec-WebSocket-Key: pT7DdB9s1iz2Nb/p86YwGA==
2024-10-27 09:59:56,666 [DEBUG] > Sec-WebSocket-Version: 13
2024-10-27 09:59:56,666 [DEBUG] > Sec-WebSocket-Extensions: permessage-deflate; client_max_window_bits
2024-10-27 09:59:56,666 [DEBUG] > Accept: application/json
2024-10-27 09:59:56,666 [DEBUG] > Authorization: Token 5f697c5e4c36e70379f979b858b4626dddde913e
2024-10-27 09:59:56,666 [DEBUG] > User-Agent: @deepgram/sdk/v3.7.3 python/10.12
2024-10-27 09:59:56,667 [DEBUG] > User-Agent: Python/3.10 websockets/13.1
2024-10-27 09:59:56,708 [DEBUG] < HTTP/1.1 101 Switching Protocols
2024-10-27 09:59:56,708 [DEBUG] < connection: upgrade
2024-10-27 09:59:56,709 [DEBUG] < upgrade: websocket
2024-10-27 09:59:56,709 [DEBUG] < sec-websocket-accept: ljJO+OB8YOwGi91SrrZQ4Yh69+o=
2024-10-27 09:59:56,709 [DEBUG] < access-control-allow-credentials: true
2024-10-27 09:59:56,709 [DEBUG] < vary: origin
2024-10-27 09:59:56,709 [DEBUG] < vary: access-control-request-method
2024-10-27 09:59:56,710 [DEBUG] < vary: access-control-request-headers
2024-10-27 09:59:56,710 [DEBUG] < access-control-expose-headers: dg-model-name,dg-model-uuid,dg-char-count,dg-request-id,dg-error
2024-10-27 09:59:56,710 [DEBUG] < dg-request-id: dfa182fc-19a3-4995-b518-ccd20ee4ed08
2024-10-27 09:59:56,710 [DEBUG] < date: Sun, 27 Oct 2024 13:59:55 GMT
2024-10-27 09:59:56,711 [DEBUG] = connection is OPEN
2024-10-27 10:01:03,474 [INFO] === Starting AI Assistant ===
2024-10-27 10:01:03,548 [DEBUG] Using selector: _Selector
2024-10-27 10:01:03,550 [DEBUG] load_ssl_context verify=True cert=None trust_env=True http2=False
2024-10-27 10:01:03,552 [DEBUG] load_verify_locations cafile='/home/dotdev/venvs/voice_venv/lib/python3.10/site-packages/certifi/cacert.pem'
2024-10-27 10:01:06,633 [DEBUG] = connection is CONNECTING
2024-10-27 10:01:06,635 [DEBUG] > GET /v1/listen?model=nova-2&smart_format=true&language=en&encoding=linear16&channels=1&sample_rate=48000 HTTP/1.1
2024-10-27 10:01:06,636 [DEBUG] > Host: api.deepgram.com
2024-10-27 10:01:06,636 [DEBUG] > Upgrade: websocket
2024-10-27 10:01:06,636 [DEBUG] > Connection: Upgrade
2024-10-27 10:01:06,636 [DEBUG] > Sec-WebSocket-Key: YWpjBa787vhx6O7FuLG3Kw==
2024-10-27 10:01:06,637 [DEBUG] > Sec-WebSocket-Version: 13
2024-10-27 10:01:06,637 [DEBUG] > Sec-WebSocket-Extensions: permessage-deflate; client_max_window_bits
2024-10-27 10:01:06,637 [DEBUG] > Accept: application/json
2024-10-27 10:01:06,637 [DEBUG] > Authorization: Token 5f697c5e4c36e70379f979b858b4626dddde913e
2024-10-27 10:01:06,637 [DEBUG] > User-Agent: @deepgram/sdk/v3.7.3 python/10.12
2024-10-27 10:01:06,637 [DEBUG] > User-Agent: Python/3.10 websockets/13.1
2024-10-27 10:01:06,677 [DEBUG] < HTTP/1.1 101 Switching Protocols
2024-10-27 10:01:06,677 [DEBUG] < connection: upgrade
2024-10-27 10:01:06,678 [DEBUG] < upgrade: websocket
2024-10-27 10:01:06,678 [DEBUG] < sec-websocket-accept: 1JJavol7eRlPXBNeW1EN5/d0SRY=
2024-10-27 10:01:06,678 [DEBUG] < access-control-allow-credentials: true
2024-10-27 10:01:06,678 [DEBUG] < vary: origin
2024-10-27 10:01:06,678 [DEBUG] < vary: access-control-request-method
2024-10-27 10:01:06,678 [DEBUG] < vary: access-control-request-headers
2024-10-27 10:01:06,678 [DEBUG] < access-control-expose-headers: dg-model-name,dg-model-uuid,dg-char-count,dg-request-id,dg-error
2024-10-27 10:01:06,678 [DEBUG] < dg-request-id: 07bb258d-317d-4282-b60e-246d812a9148
2024-10-27 10:01:06,678 [DEBUG] < date: Sun, 27 Oct 2024 14:01:06 GMT
2024-10-27 10:01:06,679 [DEBUG] = connection is OPEN
2024-10-27 10:02:04,573 [INFO] === Starting AI Assistant ===
2024-10-27 10:02:04,680 [DEBUG] Using selector: _Selector
2024-10-27 10:02:04,684 [DEBUG] load_ssl_context verify=True cert=None trust_env=True http2=False
2024-10-27 10:02:04,685 [DEBUG] load_verify_locations cafile='/home/dotdev/venvs/voice_venv/lib/python3.10/site-packages/certifi/cacert.pem'
2024-10-27 10:02:07,572 [DEBUG] = connection is CONNECTING
2024-10-27 10:02:07,573 [DEBUG] > GET /v1/listen?model=nova-2&smart_format=true&language=en&encoding=linear16&channels=1&sample_rate=48000 HTTP/1.1
2024-10-27 10:02:07,574 [DEBUG] > Host: api.deepgram.com
2024-10-27 10:02:07,574 [DEBUG] > Upgrade: websocket
2024-10-27 10:02:07,574 [DEBUG] > Connection: Upgrade
2024-10-27 10:02:07,574 [DEBUG] > Sec-WebSocket-Key: 07WoQhx4LxfK4hmgMhWsFA==
2024-10-27 10:02:07,574 [DEBUG] > Sec-WebSocket-Version: 13
2024-10-27 10:02:07,574 [DEBUG] > Sec-WebSocket-Extensions: permessage-deflate; client_max_window_bits
2024-10-27 10:02:07,574 [DEBUG] > Accept: application/json
2024-10-27 10:02:07,574 [DEBUG] > Authorization: Token 5f697c5e4c36e70379f979b858b4626dddde913e
2024-10-27 10:02:07,574 [DEBUG] > User-Agent: @deepgram/sdk/v3.7.3 python/10.12
2024-10-27 10:02:07,574 [DEBUG] > User-Agent: Python/3.10 websockets/13.1
2024-10-27 10:02:07,613 [DEBUG] < HTTP/1.1 101 Switching Protocols
2024-10-27 10:02:07,613 [DEBUG] < connection: upgrade
2024-10-27 10:02:07,613 [DEBUG] < upgrade: websocket
2024-10-27 10:02:07,613 [DEBUG] < sec-websocket-accept: RF+Jh1oGiXoYO9YxrC/twluhN2I=
2024-10-27 10:02:07,613 [DEBUG] < access-control-allow-credentials: true
2024-10-27 10:02:07,613 [DEBUG] < vary: origin
2024-10-27 10:02:07,613 [DEBUG] < vary: access-control-request-method
2024-10-27 10:02:07,613 [DEBUG] < vary: access-control-request-headers
2024-10-27 10:02:07,613 [DEBUG] < access-control-expose-headers: dg-model-name,dg-model-uuid,dg-char-count,dg-request-id,dg-error
2024-10-27 10:02:07,613 [DEBUG] < dg-request-id: ee347291-4d9c-434b-b058-d09843ba8607
2024-10-27 10:02:07,613 [DEBUG] < date: Sun, 27 Oct 2024 14:02:06 GMT
2024-10-27 10:02:07,613 [DEBUG] = connection is OPEN
2024-10-27 10:03:09,464 [INFO] === Starting AI Assistant ===
2024-10-27 10:03:09,553 [DEBUG] Using selector: _Selector
2024-10-27 10:03:09,555 [DEBUG] load_ssl_context verify=True cert=None trust_env=True http2=False
2024-10-27 10:03:09,556 [DEBUG] load_verify_locations cafile='/home/dotdev/venvs/voice_venv/lib/python3.10/site-packages/certifi/cacert.pem'
2024-10-27 10:05:21,866 [INFO] === Starting AI Assistant ===
2024-10-27 10:05:21,940 [DEBUG] Using selector: _Selector
2024-10-27 10:05:21,942 [DEBUG] load_ssl_context verify=True cert=None trust_env=True http2=False
2024-10-27 10:05:21,943 [DEBUG] load_verify_locations cafile='/home/dotdev/venvs/voice_venv/lib/python3.10/site-packages/certifi/cacert.pem'
2024-10-27 10:07:29,656 [INFO] === Starting AI Assistant ===
2024-10-27 10:07:29,729 [DEBUG] Using selector: _Selector
2024-10-27 10:07:29,731 [DEBUG] load_ssl_context verify=True cert=None trust_env=True http2=False
2024-10-27 10:07:29,732 [DEBUG] load_verify_locations cafile='/home/dotdev/venvs/voice_venv/lib/python3.10/site-packages/certifi/cacert.pem'
2024-10-27 10:08:45,200 [INFO] === Starting AI Assistant ===
2024-10-27 10:08:45,271 [DEBUG] Using selector: _Selector
2024-10-27 10:08:45,275 [DEBUG] load_ssl_context verify=True cert=None trust_env=True http2=False
2024-10-27 10:08:45,276 [DEBUG] load_verify_locations cafile='/home/dotdev/venvs/voice_venv/lib/python3.10/site-packages/certifi/cacert.pem'
2024-10-27 10:10:52,473 [INFO] === Starting AI Assistant ===
2024-10-27 10:10:52,553 [DEBUG] Using selector: _Selector
2024-10-27 10:10:52,559 [DEBUG] load_ssl_context verify=True cert=None trust_env=True http2=False
2024-10-27 10:10:52,560 [DEBUG] load_verify_locations cafile='/home/dotdev/venvs/voice_venv/lib/python3.10/site-packages/certifi/cacert.pem'
2024-10-27 10:11:57,534 [INFO] === Starting AI Assistant ===
2024-10-27 10:11:57,620 [DEBUG] Using selector: _Selector
2024-10-27 10:11:57,623 [DEBUG] load_ssl_context verify=True cert=None trust_env=True http2=False
2024-10-27 10:11:57,624 [DEBUG] load_verify_locations cafile='/home/dotdev/venvs/voice_venv/lib/python3.10/site-packages/certifi/cacert.pem'
2024-10-27 10:13:19,527 [INFO] === Starting AI Assistant ===
2024-10-27 10:13:19,637 [DEBUG] Using selector: _Selector
2024-10-27 10:13:19,642 [DEBUG] load_ssl_context verify=True cert=None trust_env=True http2=False
2024-10-27 10:13:19,644 [DEBUG] load_verify_locations cafile='/home/dotdev/venvs/voice_venv/lib/python3.10/site-packages/certifi/cacert.pem'
2024-10-27 10:15:58,694 [INFO] === Starting AI Assistant ===
2024-10-27 10:15:58,808 [DEBUG] Using selector: _Selector
2024-10-27 10:15:58,810 [DEBUG] load_ssl_context verify=True cert=None trust_env=True http2=False
2024-10-27 10:15:58,811 [DEBUG] load_verify_locations cafile='/home/dotdev/venvs/voice_venv/lib/python3.10/site-packages/certifi/cacert.pem'
2024-10-27 10:17:09,555 [INFO] === Starting AI Assistant ===
2024-10-27 10:17:09,613 [DEBUG] Using selector: _Selector
2024-10-27 10:17:09,615 [DEBUG] load_ssl_context verify=True cert=None trust_env=True http2=False
2024-10-27 10:17:09,616 [DEBUG] load_verify_locations cafile='/home/dotdev/venvs/voice_venv/lib/python3.10/site-packages/certifi/cacert.pem'
2024-10-27 10:17:12,733 [DEBUG] = connection is CONNECTING
2024-10-27 10:17:12,733 [DEBUG] > GET /v1/listen?encoding=linear16&sample_rate=16000 HTTP/1.1
2024-10-27 10:17:12,733 [DEBUG] > Host: api.deepgram.com
2024-10-27 10:17:12,733 [DEBUG] > Upgrade: websocket
2024-10-27 10:17:12,733 [DEBUG] > Connection: Upgrade
2024-10-27 10:17:12,733 [DEBUG] > Sec-WebSocket-Key: q2zb/pmIEJ/feCx24QHUjQ==
2024-10-27 10:17:12,733 [DEBUG] > Sec-WebSocket-Version: 13
2024-10-27 10:17:12,733 [DEBUG] > Sec-WebSocket-Extensions: permessage-deflate; client_max_window_bits
2024-10-27 10:17:12,733 [DEBUG] > Accept: application/json
2024-10-27 10:17:12,733 [DEBUG] > Authorization: Token 5f697c5e4c36e70379f979b858b4626dddde913e
2024-10-27 10:17:12,733 [DEBUG] > User-Agent: @deepgram/sdk/v3.7.3 python/10.12
2024-10-27 10:17:12,734 [DEBUG] > User-Agent: Python/3.10 websockets/13.1
2024-10-27 10:17:12,771 [DEBUG] < HTTP/1.1 101 Switching Protocols
2024-10-27 10:17:12,771 [DEBUG] < connection: upgrade
2024-10-27 10:17:12,771 [DEBUG] < upgrade: websocket
2024-10-27 10:17:12,772 [DEBUG] < sec-websocket-accept: wJ//EiJTxPkNJ8uPuxBZCqfNZuY=
2024-10-27 10:17:12,772 [DEBUG] < access-control-allow-credentials: true
2024-10-27 10:17:12,772 [DEBUG] < vary: origin
2024-10-27 10:17:12,772 [DEBUG] < vary: access-control-request-method
2024-10-27 10:17:12,772 [DEBUG] < vary: access-control-request-headers
2024-10-27 10:17:12,773 [DEBUG] < access-control-expose-headers: dg-model-name,dg-model-uuid,dg-char-count,dg-request-id,dg-error
2024-10-27 10:17:12,773 [DEBUG] < dg-request-id: e3acc034-3d1a-4cdc-bb69-b64bd1c32599
2024-10-27 10:17:12,773 [DEBUG] < date: Sun, 27 Oct 2024 14:17:11 GMT
2024-10-27 10:17:12,773 [DEBUG] = connection is OPEN
2024-10-27 10:18:32,258 [INFO] === Starting AI Assistant ===
2024-10-27 10:18:32,323 [DEBUG] Using selector: _Selector
2024-10-27 10:18:32,328 [DEBUG] load_ssl_context verify=True cert=None trust_env=True http2=False
2024-10-27 10:18:32,329 [DEBUG] load_verify_locations cafile='/home/dotdev/venvs/voice_venv/lib/python3.10/site-packages/certifi/cacert.pem'
2024-10-27 10:20:02,795 [INFO] === Starting AI Assistant ===
2024-10-27 10:20:02,881 [DEBUG] Using selector: _Selector
2024-10-27 10:20:02,885 [DEBUG] load_ssl_context verify=True cert=None trust_env=True http2=False
2024-10-27 10:20:02,886 [DEBUG] load_verify_locations cafile='/home/dotdev/venvs/voice_venv/lib/python3.10/site-packages/certifi/cacert.pem'
2024-10-27 10:20:05,126 [DEBUG] = connection is CONNECTING
2024-10-27 10:20:05,127 [DEBUG] > GET /v1/listen?encoding=linear16&sample_rate=16000 HTTP/1.1
2024-10-27 10:20:05,127 [DEBUG] > Host: api.deepgram.com
2024-10-27 10:20:05,127 [DEBUG] > Upgrade: websocket
2024-10-27 10:20:05,127 [DEBUG] > Connection: Upgrade
2024-10-27 10:20:05,127 [DEBUG] > Sec-WebSocket-Key: XPCCvxhcjvnja3ds/Q9tTQ==
2024-10-27 10:20:05,127 [DEBUG] > Sec-WebSocket-Version: 13
2024-10-27 10:20:05,127 [DEBUG] > Sec-WebSocket-Extensions: permessage-deflate; client_max_window_bits
2024-10-27 10:20:05,127 [DEBUG] > Accept: application/json
2024-10-27 10:20:05,127 [DEBUG] > Authorization: Token 5f697c5e4c36e70379f979b858b4626dddde913e
2024-10-27 10:20:05,127 [DEBUG] > User-Agent: @deepgram/sdk/v3.7.3 python/10.12
2024-10-27 10:20:05,127 [DEBUG] > User-Agent: Python/3.10 websockets/13.1
2024-10-27 10:20:05,167 [DEBUG] < HTTP/1.1 101 Switching Protocols
2024-10-27 10:20:05,168 [DEBUG] < connection: upgrade
2024-10-27 10:20:05,168 [DEBUG] < upgrade: websocket
2024-10-27 10:20:05,168 [DEBUG] < sec-websocket-accept: A3MUPnMlIMmc+PKeSN9sJ9rdrNg=
2024-10-27 10:20:05,168 [DEBUG] < access-control-allow-credentials: true
2024-10-27 10:20:05,169 [DEBUG] < vary: origin
2024-10-27 10:20:05,169 [DEBUG] < vary: access-control-request-method
2024-10-27 10:20:05,169 [DEBUG] < vary: access-control-request-headers
2024-10-27 10:20:05,169 [DEBUG] < access-control-expose-headers: dg-model-name,dg-model-uuid,dg-char-count,dg-request-id,dg-error
2024-10-27 10:20:05,169 [DEBUG] < dg-request-id: 8d4eb658-5c23-4a39-95c7-a448810623f9
2024-10-27 10:20:05,169 [DEBUG] < date: Sun, 27 Oct 2024 14:20:05 GMT
2024-10-27 10:20:05,170 [DEBUG] = connection is OPEN
2024-10-27 10:53:18,020 [INFO] === Starting AI Assistant ===
2024-10-27 10:53:18,085 [DEBUG] Using selector: _Selector
2024-10-27 10:53:18,087 [DEBUG] load_ssl_context verify=True cert=None trust_env=True http2=False
2024-10-27 10:53:18,088 [DEBUG] load_verify_locations cafile='/home/dotdev/venvs/voice_venv/lib/python3.10/site-packages/certifi/cacert.pem'
2024-10-27 10:53:20,192 [DEBUG] = connection is CONNECTING
2024-10-27 10:53:20,193 [DEBUG] > GET /v1/listen?encoding=linear16&sample_rate=16000 HTTP/1.1
2024-10-27 10:53:20,193 [DEBUG] > Host: api.deepgram.com
2024-10-27 10:53:20,193 [DEBUG] > Upgrade: websocket
2024-10-27 10:53:20,193 [DEBUG] > Connection: Upgrade
2024-10-27 10:53:20,193 [DEBUG] > Sec-WebSocket-Key: suMviYknRHhCCozxkeHZiQ==
2024-10-27 10:53:20,193 [DEBUG] > Sec-WebSocket-Version: 13
2024-10-27 10:53:20,193 [DEBUG] > Sec-WebSocket-Extensions: permessage-deflate; client_max_window_bits
2024-10-27 10:53:20,193 [DEBUG] > Accept: application/json
2024-10-27 10:53:20,193 [DEBUG] > Authorization: Token 5f697c5e4c36e70379f979b858b4626dddde913e
2024-10-27 10:53:20,193 [DEBUG] > User-Agent: @deepgram/sdk/v3.7.3 python/10.12
2024-10-27 10:53:20,193 [DEBUG] > User-Agent: Python/3.10 websockets/13.1
2024-10-27 10:53:20,233 [DEBUG] < HTTP/1.1 101 Switching Protocols
2024-10-27 10:53:20,234 [DEBUG] < connection: upgrade
2024-10-27 10:53:20,234 [DEBUG] < upgrade: websocket
2024-10-27 10:53:20,234 [DEBUG] < sec-websocket-accept: hv1SnZp6c4Gr0YMIDgNObfVbu2Q=
2024-10-27 10:53:20,234 [DEBUG] < access-control-allow-credentials: true
2024-10-27 10:53:20,234 [DEBUG] < vary: origin
2024-10-27 10:53:20,234 [DEBUG] < vary: access-control-request-method
2024-10-27 10:53:20,234 [DEBUG] < vary: access-control-request-headers
2024-10-27 10:53:20,234 [DEBUG] < access-control-expose-headers: dg-model-name,dg-model-uuid,dg-char-count,dg-request-id,dg-error
2024-10-27 10:53:20,234 [DEBUG] < dg-request-id: 6e2af119-d0b8-4365-951b-cc5a4bec8cca
2024-10-27 10:53:20,235 [DEBUG] < date: Sun, 27 Oct 2024 14:53:20 GMT
2024-10-27 10:53:20,235 [DEBUG] = connection is OPEN
2024-10-27 10:55:55,624 [INFO] === Starting AI Assistant ===
2024-10-27 10:55:55,683 [DEBUG] Using selector: _Selector
2024-10-27 10:55:55,685 [DEBUG] load_ssl_context verify=True cert=None trust_env=True http2=False
2024-10-27 10:55:55,686 [DEBUG] load_verify_locations cafile='/home/dotdev/venvs/voice_venv/lib/python3.10/site-packages/certifi/cacert.pem'
2024-10-27 10:55:58,795 [DEBUG] = connection is CONNECTING
2024-10-27 10:55:58,795 [DEBUG] > GET /v1/listen?encoding=linear16&sample_rate=16000 HTTP/1.1
2024-10-27 10:55:58,795 [DEBUG] > Host: api.deepgram.com
2024-10-27 10:55:58,795 [DEBUG] > Upgrade: websocket
2024-10-27 10:55:58,795 [DEBUG] > Connection: Upgrade
2024-10-27 10:55:58,795 [DEBUG] > Sec-WebSocket-Key: DPDeXxW+BCIjVgSX6p4WyA==
2024-10-27 10:55:58,795 [DEBUG] > Sec-WebSocket-Version: 13
2024-10-27 10:55:58,795 [DEBUG] > Sec-WebSocket-Extensions: permessage-deflate; client_max_window_bits
2024-10-27 10:55:58,795 [DEBUG] > Accept: application/json
2024-10-27 10:55:58,795 [DEBUG] > Authorization: Token 5f697c5e4c36e70379f979b858b4626dddde913e
2024-10-27 10:55:58,795 [DEBUG] > User-Agent: @deepgram/sdk/v3.7.3 python/10.12
2024-10-27 10:55:58,795 [DEBUG] > User-Agent: Python/3.10 websockets/13.1
2024-10-27 10:55:58,883 [DEBUG] < HTTP/1.1 101 Switching Protocols
2024-10-27 10:55:58,883 [DEBUG] < connection: upgrade
2024-10-27 10:55:58,883 [DEBUG] < upgrade: websocket
2024-10-27 10:55:58,884 [DEBUG] < sec-websocket-accept: SXszXUVkSP2dHqQUUZ6T6XPesjI=
2024-10-27 10:55:58,884 [DEBUG] < access-control-allow-credentials: true
2024-10-27 10:55:58,884 [DEBUG] < vary: origin
2024-10-27 10:55:58,884 [DEBUG] < vary: access-control-request-method
2024-10-27 10:55:58,885 [DEBUG] < vary: access-control-request-headers
2024-10-27 10:55:58,885 [DEBUG] < access-control-expose-headers: dg-model-name,dg-model-uuid,dg-char-count,dg-request-id,dg-error
2024-10-27 10:55:58,885 [DEBUG] < dg-request-id: a8712249-8f12-441d-bb76-50330950e3a8
2024-10-27 10:55:58,885 [DEBUG] < date: Sun, 27 Oct 2024 14:55:58 GMT
2024-10-27 10:55:58,885 [DEBUG] = connection is OPEN
2024-10-27 10:56:56,397 [INFO] === Starting AI Assistant ===
2024-10-27 10:56:56,494 [DEBUG] Using selector: _Selector
2024-10-27 10:56:56,496 [DEBUG] load_ssl_context verify=True cert=None trust_env=True http2=False
2024-10-27 10:56:56,497 [DEBUG] load_verify_locations cafile='/home/dotdev/venvs/voice_venv/lib/python3.10/site-packages/certifi/cacert.pem'
2024-10-27 10:56:59,287 [DEBUG] = connection is CONNECTING
2024-10-27 10:56:59,287 [DEBUG] > GET /v1/listen?encoding=linear16&sample_rate=16000 HTTP/1.1
2024-10-27 10:56:59,287 [DEBUG] > Host: api.deepgram.com
2024-10-27 10:56:59,287 [DEBUG] > Upgrade: websocket
2024-10-27 10:56:59,287 [DEBUG] > Connection: Upgrade
2024-10-27 10:56:59,287 [DEBUG] > Sec-WebSocket-Key: KkoQ7hWGj5N4H3t6j0mYuw==
2024-10-27 10:56:59,287 [DEBUG] > Sec-WebSocket-Version: 13
2024-10-27 10:56:59,287 [DEBUG] > Sec-WebSocket-Extensions: permessage-deflate; client_max_window_bits
2024-10-27 10:56:59,287 [DEBUG] > Accept: application/json
2024-10-27 10:56:59,287 [DEBUG] > Authorization: Token 5f697c5e4c36e70379f979b858b4626dddde913e
2024-10-27 10:56:59,287 [DEBUG] > User-Agent: @deepgram/sdk/v3.7.3 python/10.12
2024-10-27 10:56:59,287 [DEBUG] > User-Agent: Python/3.10 websockets/13.1
2024-10-27 10:56:59,371 [DEBUG] < HTTP/1.1 101 Switching Protocols
2024-10-27 10:56:59,372 [DEBUG] < connection: upgrade
2024-10-27 10:56:59,372 [DEBUG] < upgrade: websocket
2024-10-27 10:56:59,372 [DEBUG] < sec-websocket-accept: X+AoZA+G/nu9fnMPfe+BYy9d4AM=
2024-10-27 10:56:59,372 [DEBUG] < access-control-allow-credentials: true
2024-10-27 10:56:59,372 [DEBUG] < vary: origin
2024-10-27 10:56:59,373 [DEBUG] < vary: access-control-request-method
2024-10-27 10:56:59,373 [DEBUG] < vary: access-control-request-headers
2024-10-27 10:56:59,373 [DEBUG] < access-control-expose-headers: dg-model-name,dg-model-uuid,dg-char-count,dg-request-id,dg-error
2024-10-27 10:56:59,373 [DEBUG] < dg-request-id: b7595d5c-6ba0-4504-ad97-e2309ca386a5
2024-10-27 10:56:59,373 [DEBUG] < date: Sun, 27 Oct 2024 14:56:59 GMT
2024-10-27 10:56:59,374 [DEBUG] = connection is OPEN
2024-10-27 11:05:56,726 [INFO] === Starting AI Assistant ===
2024-10-27 11:05:56,805 [DEBUG] Using selector: _Selector
2024-10-27 11:05:56,807 [DEBUG] load_ssl_context verify=True cert=None trust_env=True http2=False
2024-10-27 11:05:56,808 [DEBUG] load_verify_locations cafile='/home/dotdev/venvs/voice_venv/lib/python3.10/site-packages/certifi/cacert.pem'
2024-10-27 11:07:03,231 [INFO] === Starting AI Assistant ===
2024-10-27 11:07:03,310 [DEBUG] Using selector: _Selector
2024-10-27 11:07:03,317 [DEBUG] load_ssl_context verify=True cert=None trust_env=True http2=False
2024-10-27 11:07:03,320 [DEBUG] load_verify_locations cafile='/home/dotdev/venvs/voice_venv/lib/python3.10/site-packages/certifi/cacert.pem'
2024-10-27 11:07:57,799 [INFO] === Starting AI Assistant ===
2024-10-27 11:07:57,858 [DEBUG] Using selector: _Selector
2024-10-27 11:07:57,860 [DEBUG] load_ssl_context verify=True cert=None trust_env=True http2=False
2024-10-27 11:07:57,861 [DEBUG] load_verify_locations cafile='/home/dotdev/venvs/voice_venv/lib/python3.10/site-packages/certifi/cacert.pem'
2024-10-27 11:07:59,901 [DEBUG] = connection is CONNECTING
2024-10-27 11:07:59,901 [DEBUG] > GET /v1/listen?encoding=linear16&sample_rate=16000&channels=1&model=nova-2 HTTP/1.1
2024-10-27 11:07:59,901 [DEBUG] > Host: api.deepgram.com
2024-10-27 11:07:59,901 [DEBUG] > Upgrade: websocket
2024-10-27 11:07:59,901 [DEBUG] > Connection: Upgrade
2024-10-27 11:07:59,901 [DEBUG] > Sec-WebSocket-Key: HBKEGR1dLp4JNFItUM8Lrw==
2024-10-27 11:07:59,901 [DEBUG] > Sec-WebSocket-Version: 13
2024-10-27 11:07:59,901 [DEBUG] > Sec-WebSocket-Extensions: permessage-deflate; client_max_window_bits
2024-10-27 11:07:59,901 [DEBUG] > Accept: application/json
2024-10-27 11:07:59,901 [DEBUG] > Authorization: Token 5f697c5e4c36e70379f979b858b4626dddde913e
2024-10-27 11:07:59,901 [DEBUG] > User-Agent: @deepgram/sdk/v3.7.3 python/10.12
2024-10-27 11:07:59,901 [DEBUG] > User-Agent: Python/3.10 websockets/13.1
2024-10-27 11:07:59,937 [DEBUG] < HTTP/1.1 101 Switching Protocols
2024-10-27 11:07:59,937 [DEBUG] < connection: upgrade
2024-10-27 11:07:59,937 [DEBUG] < upgrade: websocket
2024-10-27 11:07:59,938 [DEBUG] < sec-websocket-accept: wJdRKKzfOTbqZUjPsvmUaN6kygQ=
2024-10-27 11:07:59,938 [DEBUG] < access-control-allow-credentials: true
2024-10-27 11:07:59,938 [DEBUG] < vary: origin
2024-10-27 11:07:59,938 [DEBUG] < vary: access-control-request-method
2024-10-27 11:07:59,939 [DEBUG] < vary: access-control-request-headers
2024-10-27 11:07:59,939 [DEBUG] < access-control-expose-headers: dg-model-name,dg-model-uuid,dg-char-count,dg-request-id,dg-error
2024-10-27 11:07:59,939 [DEBUG] < dg-request-id: c82ddb4c-eddd-44d2-ae43-317e9ba9c074
2024-10-27 11:07:59,939 [DEBUG] < date: Sun, 27 Oct 2024 15:07:59 GMT
2024-10-27 11:07:59,939 [DEBUG] = connection is OPEN
2024-10-27 11:09:04,933 [INFO] === Starting AI Assistant ===
2024-10-27 11:09:04,999 [DEBUG] Using selector: _Selector
2024-10-27 11:09:05,002 [DEBUG] load_ssl_context verify=True cert=None trust_env=True http2=False
2024-10-27 11:09:05,002 [DEBUG] load_verify_locations cafile='/home/dotdev/venvs/voice_venv/lib/python3.10/site-packages/certifi/cacert.pem'
2024-10-27 11:09:08,505 [DEBUG] = connection is CONNECTING
2024-10-27 11:09:08,507 [DEBUG] > GET /v1/listen?encoding=linear16&sample_rate=16000&channels=1&model=nova-2 HTTP/1.1
2024-10-27 11:09:08,507 [DEBUG] > Host: api.deepgram.com
2024-10-27 11:09:08,507 [DEBUG] > Upgrade: websocket
2024-10-27 11:09:08,507 [DEBUG] > Connection: Upgrade
2024-10-27 11:09:08,507 [DEBUG] > Sec-WebSocket-Key: INLnUz44KrGInQhylLuYvQ==
2024-10-27 11:09:08,507 [DEBUG] > Sec-WebSocket-Version: 13
2024-10-27 11:09:08,507 [DEBUG] > Sec-WebSocket-Extensions: permessage-deflate; client_max_window_bits
2024-10-27 11:09:08,507 [DEBUG] > Accept: application/json
2024-10-27 11:09:08,508 [DEBUG] > Authorization: Token 5f697c5e4c36e70379f979b858b4626dddde913e
2024-10-27 11:09:08,508 [DEBUG] > User-Agent: @deepgram/sdk/v3.7.3 python/10.12
2024-10-27 11:09:08,508 [DEBUG] > User-Agent: Python/3.10 websockets/13.1
2024-10-27 11:09:08,547 [DEBUG] < HTTP/1.1 101 Switching Protocols
2024-10-27 11:09:08,547 [DEBUG] < connection: upgrade
2024-10-27 11:09:08,547 [DEBUG] < upgrade: websocket
2024-10-27 11:09:08,547 [DEBUG] < sec-websocket-accept: S1FiyFfSpOZUtvpzPzoI8ysElX4=
2024-10-27 11:09:08,547 [DEBUG] < access-control-allow-credentials: true
2024-10-27 11:09:08,547 [DEBUG] < vary: origin
2024-10-27 11:09:08,547 [DEBUG] < vary: access-control-request-method
2024-10-27 11:09:08,547 [DEBUG] < vary: access-control-request-headers
2024-10-27 11:09:08,547 [DEBUG] < access-control-expose-headers: dg-model-name,dg-model-uuid,dg-char-count,dg-request-id,dg-error
2024-10-27 11:09:08,547 [DEBUG] < dg-request-id: a7e54715-9dad-404b-be87-d7f74df845b7
2024-10-27 11:09:08,548 [DEBUG] < date: Sun, 27 Oct 2024 15:09:07 GMT
2024-10-27 11:09:08,548 [DEBUG] = connection is OPEN
2024-10-27 11:10:18,115 [INFO] === Starting AI Assistant ===
2024-10-27 11:10:18,184 [DEBUG] Using selector: _Selector
2024-10-27 11:10:18,186 [DEBUG] load_ssl_context verify=True cert=None trust_env=True http2=False
2024-10-27 11:10:18,187 [DEBUG] load_verify_locations cafile='/home/dotdev/venvs/voice_venv/lib/python3.10/site-packages/certifi/cacert.pem'
2024-10-27 11:10:20,889 [DEBUG] = connection is CONNECTING
2024-10-27 11:10:20,890 [DEBUG] > GET /v1/listen?encoding=linear16&sample_rate=16000&channels=1&model=nova-2 HTTP/1.1
2024-10-27 11:10:20,890 [DEBUG] > Host: api.deepgram.com
2024-10-27 11:10:20,891 [DEBUG] > Upgrade: websocket
2024-10-27 11:10:20,891 [DEBUG] > Connection: Upgrade
2024-10-27 11:10:20,891 [DEBUG] > Sec-WebSocket-Key: 6knIHeuHFmi+hZpRu6SScA==
2024-10-27 11:10:20,891 [DEBUG] > Sec-WebSocket-Version: 13
2024-10-27 11:10:20,891 [DEBUG] > Sec-WebSocket-Extensions: permessage-deflate; client_max_window_bits
2024-10-27 11:10:20,891 [DEBUG] > Accept: application/json
2024-10-27 11:10:20,891 [DEBUG] > Authorization: Token 5f697c5e4c36e70379f979b858b4626dddde913e
2024-10-27 11:10:20,891 [DEBUG] > User-Agent: @deepgram/sdk/v3.7.3 python/10.12
2024-10-27 11:10:20,891 [DEBUG] > User-Agent: Python/3.10 websockets/13.1
2024-10-27 11:10:20,975 [DEBUG] < HTTP/1.1 101 Switching Protocols
2024-10-27 11:10:20,975 [DEBUG] < connection: upgrade
2024-10-27 11:10:20,975 [DEBUG] < upgrade: websocket
2024-10-27 11:10:20,976 [DEBUG] < sec-websocket-accept: lh2+cGnshdSJ6n735yZ0O1NF9gU=
2024-10-27 11:10:20,976 [DEBUG] < access-control-allow-credentials: true
2024-10-27 11:10:20,976 [DEBUG] < vary: origin
2024-10-27 11:10:20,976 [DEBUG] < vary: access-control-request-method
2024-10-27 11:10:20,976 [DEBUG] < vary: access-control-request-headers
2024-10-27 11:10:20,976 [DEBUG] < access-control-expose-headers: dg-model-name,dg-model-uuid,dg-char-count,dg-request-id,dg-error
2024-10-27 11:10:20,977 [DEBUG] < dg-request-id: 1a139ee0-ac4d-4ea9-bea0-2af4b681f3c0
2024-10-27 11:10:20,977 [DEBUG] < date: Sun, 27 Oct 2024 15:10:20 GMT
2024-10-27 11:10:20,977 [DEBUG] = connection is OPEN
2024-10-27 11:11:15,897 [INFO] === Starting AI Assistant ===
2024-10-27 11:11:15,968 [DEBUG] Using selector: _Selector
2024-10-27 11:11:15,970 [DEBUG] load_ssl_context verify=True cert=None trust_env=True http2=False
2024-10-27 11:11:15,971 [DEBUG] load_verify_locations cafile='/home/dotdev/venvs/voice_venv/lib/python3.10/site-packages/certifi/cacert.pem'
2024-10-27 11:12:29,830 [INFO] === Starting AI Assistant ===
2024-10-27 11:12:29,903 [DEBUG] Using selector: _Selector
2024-10-27 11:12:29,907 [DEBUG] load_ssl_context verify=True cert=None trust_env=True http2=False
2024-10-27 11:12:29,908 [DEBUG] load_verify_locations cafile='/home/dotdev/venvs/voice_venv/lib/python3.10/site-packages/certifi/cacert.pem'
2024-10-27 11:12:32,435 [DEBUG] = connection is CONNECTING
2024-10-27 11:12:32,437 [DEBUG] > GET /v1/listen?encoding=linear16&sample_rate=16000&channels=1&model=nova-2 HTTP/1.1
2024-10-27 11:12:32,437 [DEBUG] > Host: api.deepgram.com
2024-10-27 11:12:32,437 [DEBUG] > Upgrade: websocket
2024-10-27 11:12:32,437 [DEBUG] > Connection: Upgrade
2024-10-27 11:12:32,437 [DEBUG] > Sec-WebSocket-Key: 9t5LFOXXZ28x5y+V2GYACw==
2024-10-27 11:12:32,437 [DEBUG] > Sec-WebSocket-Version: 13
2024-10-27 11:12:32,437 [DEBUG] > Sec-WebSocket-Extensions: permessage-deflate; client_max_window_bits
2024-10-27 11:12:32,437 [DEBUG] > Accept: application/json
2024-10-27 11:12:32,437 [DEBUG] > Authorization: Token 5f697c5e4c36e70379f979b858b4626dddde913e
2024-10-27 11:12:32,437 [DEBUG] > User-Agent: @deepgram/sdk/v3.7.3 python/10.12
2024-10-27 11:12:32,437 [DEBUG] > User-Agent: Python/3.10 websockets/13.1
2024-10-27 11:12:32,524 [DEBUG] < HTTP/1.1 101 Switching Protocols
2024-10-27 11:12:32,525 [DEBUG] < connection: upgrade
2024-10-27 11:12:32,525 [DEBUG] < upgrade: websocket
2024-10-27 11:12:32,525 [DEBUG] < sec-websocket-accept: 8idj1SJ2PzkvBFFsMjFg9L7H8os=
2024-10-27 11:12:32,525 [DEBUG] < access-control-allow-credentials: true
2024-10-27 11:12:32,526 [DEBUG] < vary: origin
2024-10-27 11:12:32,526 [DEBUG] < vary: access-control-request-method
2024-10-27 11:12:32,526 [DEBUG] < vary: access-control-request-headers
2024-10-27 11:12:32,526 [DEBUG] < access-control-expose-headers: dg-model-name,dg-model-uuid,dg-char-count,dg-request-id,dg-error
2024-10-27 11:12:32,526 [DEBUG] < dg-request-id: 6b17685f-d9ec-4135-867a-bb5475b70c4c
2024-10-27 11:12:32,526 [DEBUG] < date: Sun, 27 Oct 2024 15:12:31 GMT
2024-10-27 11:12:32,526 [DEBUG] = connection is OPEN
2024-10-27 11:13:26,500 [INFO] === Starting AI Assistant ===
2024-10-27 11:13:26,573 [DEBUG] Using selector: _Selector
2024-10-27 11:13:26,575 [DEBUG] load_ssl_context verify=True cert=None trust_env=True http2=False
2024-10-27 11:13:26,576 [DEBUG] load_verify_locations cafile='/home/dotdev/venvs/voice_venv/lib/python3.10/site-packages/certifi/cacert.pem'
2024-10-27 11:13:28,818 [DEBUG] = connection is CONNECTING
2024-10-27 11:13:28,819 [DEBUG] > GET /v1/listen?encoding=linear16&sample_rate=16000&channels=1&model=nova-2 HTTP/1.1
2024-10-27 11:13:28,820 [DEBUG] > Host: api.deepgram.com
2024-10-27 11:13:28,820 [DEBUG] > Upgrade: websocket
2024-10-27 11:13:28,820 [DEBUG] > Connection: Upgrade
2024-10-27 11:13:28,820 [DEBUG] > Sec-WebSocket-Key: vIUBTvoZk8+tosErsu940w==
2024-10-27 11:13:28,820 [DEBUG] > Sec-WebSocket-Version: 13
2024-10-27 11:13:28,820 [DEBUG] > Sec-WebSocket-Extensions: permessage-deflate; client_max_window_bits
2024-10-27 11:13:28,820 [DEBUG] > Accept: application/json
2024-10-27 11:13:28,820 [DEBUG] > Authorization: Token 5f697c5e4c36e70379f979b858b4626dddde913e
2024-10-27 11:13:28,820 [DEBUG] > User-Agent: @deepgram/sdk/v3.7.3 python/10.12
2024-10-27 11:13:28,820 [DEBUG] > User-Agent: Python/3.10 websockets/13.1
2024-10-27 11:13:28,857 [DEBUG] < HTTP/1.1 101 Switching Protocols
2024-10-27 11:13:28,857 [DEBUG] < connection: upgrade
2024-10-27 11:13:28,858 [DEBUG] < upgrade: websocket
2024-10-27 11:13:28,858 [DEBUG] < sec-websocket-accept: CaplPNRoUGAZf/kDLKJkKBAjFpM=
2024-10-27 11:13:28,858 [DEBUG] < access-control-allow-credentials: true
2024-10-27 11:13:28,858 [DEBUG] < vary: origin
2024-10-27 11:13:28,858 [DEBUG] < vary: access-control-request-method
2024-10-27 11:13:28,858 [DEBUG] < vary: access-control-request-headers
2024-10-27 11:13:28,858 [DEBUG] < access-control-expose-headers: dg-model-name,dg-model-uuid,dg-char-count,dg-request-id,dg-error
2024-10-27 11:13:28,858 [DEBUG] < dg-request-id: 16bf156e-af0e-44c7-8ea5-6bcf2e750d82
2024-10-27 11:13:28,858 [DEBUG] < date: Sun, 27 Oct 2024 15:13:28 GMT
2024-10-27 11:13:28,858 [DEBUG] = connection is OPEN
2024-10-27 11:15:12,387 [INFO] === Starting AI Assistant ===
2024-10-27 11:15:12,455 [DEBUG] Using selector: _Selector
2024-10-27 11:15:12,457 [DEBUG] load_ssl_context verify=True cert=None trust_env=True http2=False
2024-10-27 11:15:12,458 [DEBUG] load_verify_locations cafile='/home/dotdev/venvs/voice_venv/lib/python3.10/site-packages/certifi/cacert.pem'
2024-10-27 11:15:15,624 [DEBUG] = connection is CONNECTING
2024-10-27 11:15:15,626 [DEBUG] > GET /v1/listen?encoding=linear16&sample_rate=16000&channels=1&model=nova-2 HTTP/1.1
2024-10-27 11:15:15,627 [DEBUG] > Host: api.deepgram.com
2024-10-27 11:15:15,627 [DEBUG] > Upgrade: websocket
2024-10-27 11:15:15,627 [DEBUG] > Connection: Upgrade
2024-10-27 11:15:15,627 [DEBUG] > Sec-WebSocket-Key: ocbwpQRWF32dGc6cvTdkCQ==
2024-10-27 11:15:15,627 [DEBUG] > Sec-WebSocket-Version: 13
2024-10-27 11:15:15,627 [DEBUG] > Sec-WebSocket-Extensions: permessage-deflate; client_max_window_bits
2024-10-27 11:15:15,627 [DEBUG] > Accept: application/json
2024-10-27 11:15:15,627 [DEBUG] > Authorization: Token 5f697c5e4c36e70379f979b858b4626dddde913e
2024-10-27 11:15:15,627 [DEBUG] > User-Agent: @deepgram/sdk/v3.7.3 python/10.12
2024-10-27 11:15:15,627 [DEBUG] > User-Agent: Python/3.10 websockets/13.1
2024-10-27 11:15:15,661 [DEBUG] < HTTP/1.1 101 Switching Protocols
2024-10-27 11:15:15,661 [DEBUG] < connection: upgrade
2024-10-27 11:15:15,661 [DEBUG] < upgrade: websocket
2024-10-27 11:15:15,661 [DEBUG] < sec-websocket-accept: hCsaoFQptRSIUAsWqNPptPOTMYs=
2024-10-27 11:15:15,661 [DEBUG] < access-control-allow-credentials: true
2024-10-27 11:15:15,661 [DEBUG] < vary: origin
2024-10-27 11:15:15,661 [DEBUG] < vary: access-control-request-method
2024-10-27 11:15:15,662 [DEBUG] < vary: access-control-request-headers
2024-10-27 11:15:15,662 [DEBUG] < access-control-expose-headers: dg-model-name,dg-model-uuid,dg-char-count,dg-request-id,dg-error
2024-10-27 11:15:15,662 [DEBUG] < dg-request-id: 2ea78a93-4c71-4a5d-9367-d11b232a3ee8
2024-10-27 11:15:15,662 [DEBUG] < date: Sun, 27 Oct 2024 15:15:15 GMT
2024-10-27 11:15:15,662 [DEBUG] = connection is OPEN
2024-10-27 11:16:05,524 [INFO] === Starting AI Assistant ===
2024-10-27 11:16:05,607 [DEBUG] Using selector: _Selector
2024-10-27 11:16:05,610 [DEBUG] load_ssl_context verify=True cert=None trust_env=True http2=False
2024-10-27 11:16:05,611 [DEBUG] load_verify_locations cafile='/home/dotdev/venvs/voice_venv/lib/python3.10/site-packages/certifi/cacert.pem'
2024-10-27 11:16:15,772 [INFO] === AI Assistant Shutdown ===
2024-10-27 11:18:48,424 [INFO] === Starting AI Assistant ===
2024-10-27 11:18:48,482 [DEBUG] Using selector: _Selector
2024-10-27 11:18:48,484 [DEBUG] load_ssl_context verify=True cert=None trust_env=True http2=False
2024-10-27 11:18:48,485 [DEBUG] load_verify_locations cafile='/home/dotdev/venvs/voice_venv/lib/python3.10/site-packages/certifi/cacert.pem'
2024-10-27 11:18:51,460 [DEBUG] = connection is CONNECTING
2024-10-27 11:18:51,462 [DEBUG] > GET /v1/listen?encoding=linear16&sample_rate=16000&channels=1&model=nova-2 HTTP/1.1
2024-10-27 11:18:51,462 [DEBUG] > Host: api.deepgram.com
2024-10-27 11:18:51,462 [DEBUG] > Upgrade: websocket
2024-10-27 11:18:51,462 [DEBUG] > Connection: Upgrade
2024-10-27 11:18:51,462 [DEBUG] > Sec-WebSocket-Key: FW6dUKzDYN4OGMXZZX3P1w==
2024-10-27 11:18:51,462 [DEBUG] > Sec-WebSocket-Version: 13
2024-10-27 11:18:51,462 [DEBUG] > Sec-WebSocket-Extensions: permessage-deflate; client_max_window_bits
2024-10-27 11:18:51,462 [DEBUG] > Accept: application/json
2024-10-27 11:18:51,462 [DEBUG] > Authorization: Token 5f697c5e4c36e70379f979b858b4626dddde913e
2024-10-27 11:18:51,462 [DEBUG] > User-Agent: @deepgram/sdk/v3.7.3 python/10.12
2024-10-27 11:18:51,462 [DEBUG] > User-Agent: Python/3.10 websockets/13.1
2024-10-27 11:18:51,500 [DEBUG] < HTTP/1.1 101 Switching Protocols
2024-10-27 11:18:51,500 [DEBUG] < connection: upgrade
2024-10-27 11:18:51,500 [DEBUG] < upgrade: websocket
2024-10-27 11:18:51,501 [DEBUG] < sec-websocket-accept: mMVFCTTWRvHMuzaoYYBQyUPwGms=
2024-10-27 11:18:51,501 [DEBUG] < access-control-allow-credentials: true
2024-10-27 11:18:51,501 [DEBUG] < vary: origin
2024-10-27 11:18:51,501 [DEBUG] < vary: access-control-request-method
2024-10-27 11:18:51,501 [DEBUG] < vary: access-control-request-headers
2024-10-27 11:18:51,502 [DEBUG] < access-control-expose-headers: dg-model-name,dg-model-uuid,dg-char-count,dg-request-id,dg-error
2024-10-27 11:18:51,502 [DEBUG] < dg-request-id: e1302e14-2a0c-4a4f-a576-cdbc3b4efe6b
2024-10-27 11:18:51,502 [DEBUG] < date: Sun, 27 Oct 2024 15:18:51 GMT
2024-10-27 11:18:51,502 [DEBUG] = connection is OPEN
2024-10-27 11:20:32,721 [INFO] === Starting AI Assistant ===
2024-10-27 11:20:32,784 [DEBUG] Using selector: _Selector
2024-10-27 11:20:32,786 [DEBUG] load_ssl_context verify=True cert=None trust_env=True http2=False
2024-10-27 11:20:32,787 [DEBUG] load_verify_locations cafile='/home/dotdev/venvs/voice_venv/lib/python3.10/site-packages/certifi/cacert.pem'
2024-10-27 11:20:36,707 [DEBUG] = connection is CONNECTING
2024-10-27 11:20:36,707 [DEBUG] > GET /v1/listen?encoding=linear16&sample_rate=16000&channels=1&model=nova-2 HTTP/1.1
2024-10-27 11:20:36,707 [DEBUG] > Host: api.deepgram.com
2024-10-27 11:20:36,707 [DEBUG] > Upgrade: websocket
2024-10-27 11:20:36,707 [DEBUG] > Connection: Upgrade
2024-10-27 11:20:36,707 [DEBUG] > Sec-WebSocket-Key: tBS3hh4H50PWwp+4+oVKQA==
2024-10-27 11:20:36,707 [DEBUG] > Sec-WebSocket-Version: 13
2024-10-27 11:20:36,707 [DEBUG] > Sec-WebSocket-Extensions: permessage-deflate; client_max_window_bits
2024-10-27 11:20:36,707 [DEBUG] > Accept: application/json
2024-10-27 11:20:36,707 [DEBUG] > Authorization: Token 5f697c5e4c36e70379f979b858b4626dddde913e
2024-10-27 11:20:36,707 [DEBUG] > User-Agent: @deepgram/sdk/v3.7.3 python/10.12
2024-10-27 11:20:36,707 [DEBUG] > User-Agent: Python/3.10 websockets/13.1
2024-10-27 11:20:36,794 [DEBUG] < HTTP/1.1 101 Switching Protocols
2024-10-27 11:20:36,794 [DEBUG] < connection: upgrade
2024-10-27 11:20:36,795 [DEBUG] < upgrade: websocket
2024-10-27 11:20:36,795 [DEBUG] < sec-websocket-accept: wXhvdsCaY8S4nNLEEk4R47UAHoY=
2024-10-27 11:20:36,795 [DEBUG] < access-control-allow-credentials: true
2024-10-27 11:20:36,795 [DEBUG] < vary: origin
2024-10-27 11:20:36,795 [DEBUG] < vary: access-control-request-method
2024-10-27 11:20:36,795 [DEBUG] < vary: access-control-request-headers
2024-10-27 11:20:36,795 [DEBUG] < access-control-expose-headers: dg-model-name,dg-model-uuid,dg-char-count,dg-request-id,dg-error
2024-10-27 11:20:36,795 [DEBUG] < dg-request-id: 1c47c6c8-b1ac-4dd5-9632-97f6f4f61a23
2024-10-27 11:20:36,795 [DEBUG] < date: Sun, 27 Oct 2024 15:20:36 GMT
2024-10-27 11:20:36,795 [DEBUG] = connection is OPEN
2024-10-27 11:22:19,321 [INFO] === Starting AI Assistant ===
2024-10-27 11:22:19,395 [DEBUG] Using selector: _Selector
2024-10-27 11:22:19,397 [DEBUG] load_ssl_context verify=True cert=None trust_env=True http2=False
2024-10-27 11:22:19,398 [DEBUG] load_verify_locations cafile='/home/dotdev/venvs/voice_venv/lib/python3.10/site-packages/certifi/cacert.pem'
2024-10-27 11:22:24,611 [INFO] === AI Assistant Shutdown ===
2024-10-27 11:24:30,078 [INFO] === Starting AI Assistant ===
2024-10-27 11:24:30,173 [DEBUG] Using selector: _Selector
2024-10-27 11:24:30,175 [DEBUG] load_ssl_context verify=True cert=None trust_env=True http2=False
2024-10-27 11:24:30,176 [DEBUG] load_verify_locations cafile='/home/dotdev/venvs/voice_venv/lib/python3.10/site-packages/certifi/cacert.pem'
2024-10-27 11:24:42,381 [DEBUG] = connection is CONNECTING
2024-10-27 11:24:42,382 [DEBUG] > GET /v1/listen?encoding=linear16&sample_rate=16000&channels=1&model=nova-2 HTTP/1.1
2024-10-27 11:24:42,382 [DEBUG] > Host: api.deepgram.com
2024-10-27 11:24:42,382 [DEBUG] > Upgrade: websocket
2024-10-27 11:24:42,382 [DEBUG] > Connection: Upgrade
2024-10-27 11:24:42,382 [DEBUG] > Sec-WebSocket-Key: z6VOZ5J1EXaT3Hl/AaadkA==
2024-10-27 11:24:42,382 [DEBUG] > Sec-WebSocket-Version: 13
2024-10-27 11:24:42,382 [DEBUG] > Sec-WebSocket-Extensions: permessage-deflate; client_max_window_bits
2024-10-27 11:24:42,382 [DEBUG] > Accept: application/json
2024-10-27 11:24:42,382 [DEBUG] > Authorization: Token 5f697c5e4c36e70379f979b858b4626dddde913e
2024-10-27 11:24:42,382 [DEBUG] > User-Agent: @deepgram/sdk/v3.7.3 python/10.12
2024-10-27 11:24:42,382 [DEBUG] > User-Agent: Python/3.10 websockets/13.1
2024-10-27 11:24:42,471 [DEBUG] < HTTP/1.1 101 Switching Protocols
2024-10-27 11:24:42,471 [DEBUG] < connection: upgrade
2024-10-27 11:24:42,471 [DEBUG] < upgrade: websocket
2024-10-27 11:24:42,471 [DEBUG] < sec-websocket-accept: 7v/Bn8pgyBC+72EqqooZ8ZzrzeE=
2024-10-27 11:24:42,471 [DEBUG] < access-control-allow-credentials: true
2024-10-27 11:24:42,472 [DEBUG] < vary: origin
2024-10-27 11:24:42,472 [DEBUG] < vary: access-control-request-method
2024-10-27 11:24:42,472 [DEBUG] < vary: access-control-request-headers
2024-10-27 11:24:42,472 [DEBUG] < access-control-expose-headers: dg-model-name,dg-model-uuid,dg-char-count,dg-request-id,dg-error
2024-10-27 11:24:42,472 [DEBUG] < dg-request-id: 0d468c82-4e3c-46d2-ac61-b0cd7e6481ab
2024-10-27 11:24:42,472 [DEBUG] < date: Sun, 27 Oct 2024 15:24:41 GMT
2024-10-27 11:24:42,472 [DEBUG] = connection is OPEN
2024-10-27 11:24:46,146 [INFO] === AI Assistant Shutdown ===
2024-10-27 11:24:54,473 [DEBUG] < CLOSE 1011 (internal error) Deepgram did not receive a... https://dpgr.am/net0001 [110 bytes]
2024-10-27 11:24:54,474 [DEBUG] > CLOSE 1011 (internal error) Deepgram did not receive a... https://dpgr.am/net0001 [110 bytes]
2024-10-27 11:24:54,474 [DEBUG] = connection is CLOSING
2024-10-27 11:24:54,474 [DEBUG] < EOF
2024-10-27 11:24:54,474 [DEBUG] > EOF
2024-10-27 11:24:54,475 [DEBUG] = connection is CLOSED
2024-10-27 11:24:54,475 [ERROR] ConnectionClosed in AbstractSyncWebSocketClient._listening with code 1011: Deepgram did not receive audio data or a text message within the timeout window. See https://dpgr.am/net0001
2024-10-27 11:24:54,476 [ERROR] send() failed - ConnectionClosed: received 1011 (internal error) Deepgram did not receive audio data or a text message within the timeout window. See https://dpgr.am/net0001; then sent 1011 (internal error) Deepgram did not receive audio data or a text message within the timeout window. See https://dpgr.am/net0001
2024-10-27 11:27:14,202 [INFO] === Starting AI Assistant ===
2024-10-27 11:27:14,284 [DEBUG] Using selector: _Selector
2024-10-27 11:27:14,286 [DEBUG] load_ssl_context verify=True cert=None trust_env=True http2=False
2024-10-27 11:27:14,287 [DEBUG] load_verify_locations cafile='/home/dotdev/venvs/voice_venv/lib/python3.10/site-packages/certifi/cacert.pem'
2024-10-27 11:27:26,296 [DEBUG] = connection is CONNECTING
2024-10-27 11:27:26,297 [DEBUG] > GET /v1/listen?encoding=linear16&sample_rate=16000&channels=1&model=nova-2&interim_results=true HTTP/1.1
2024-10-27 11:27:26,297 [DEBUG] > Host: api.deepgram.com
2024-10-27 11:27:26,297 [DEBUG] > Upgrade: websocket
2024-10-27 11:27:26,297 [DEBUG] > Connection: Upgrade
2024-10-27 11:27:26,297 [DEBUG] > Sec-WebSocket-Key: 9DGG7bsGS6NSQCuxFBC+2A==
2024-10-27 11:27:26,297 [DEBUG] > Sec-WebSocket-Version: 13
2024-10-27 11:27:26,297 [DEBUG] > Sec-WebSocket-Extensions: permessage-deflate; client_max_window_bits
2024-10-27 11:27:26,297 [DEBUG] > Accept: application/json
2024-10-27 11:27:26,297 [DEBUG] > Authorization: Token 5f697c5e4c36e70379f979b858b4626dddde913e
2024-10-27 11:27:26,297 [DEBUG] > User-Agent: @deepgram/sdk/v3.7.3 python/10.12
2024-10-27 11:27:26,297 [DEBUG] > User-Agent: Python/3.10 websockets/13.1
2024-10-27 11:27:26,384 [DEBUG] < HTTP/1.1 101 Switching Protocols
2024-10-27 11:27:26,384 [DEBUG] < connection: upgrade
2024-10-27 11:27:26,385 [DEBUG] < upgrade: websocket
2024-10-27 11:27:26,385 [DEBUG] < sec-websocket-accept: IuTLFVXsChY4ECxtn/LquXP2bcU=
2024-10-27 11:27:26,385 [DEBUG] < access-control-allow-credentials: true
2024-10-27 11:27:26,385 [DEBUG] < vary: origin
2024-10-27 11:27:26,385 [DEBUG] < vary: access-control-request-method
2024-10-27 11:27:26,385 [DEBUG] < vary: access-control-request-headers
2024-10-27 11:27:26,386 [DEBUG] < access-control-expose-headers: dg-model-name,dg-model-uuid,dg-char-count,dg-request-id,dg-error
2024-10-27 11:27:26,386 [DEBUG] < dg-request-id: 5054af33-239e-49cb-9af5-db51eac66439
2024-10-27 11:27:26,386 [DEBUG] < date: Sun, 27 Oct 2024 15:27:26 GMT
2024-10-27 11:27:26,387 [DEBUG] = connection is OPEN
2024-10-27 11:32:04,195 [INFO] === Starting AI Assistant ===
2024-10-27 11:32:04,257 [DEBUG] Using selector: _Selector
2024-10-27 11:32:04,260 [DEBUG] load_ssl_context verify=True cert=None trust_env=True http2=False
2024-10-27 11:32:04,260 [DEBUG] load_verify_locations cafile='/home/dotdev/venvs/voice_venv/lib/python3.10/site-packages/certifi/cacert.pem'
2024-10-27 11:33:58,007 [INFO] === Starting AI Assistant ===
2024-10-27 11:33:58,079 [DEBUG] Using selector: _Selector
2024-10-27 11:33:58,081 [DEBUG] load_ssl_context verify=True cert=None trust_env=True http2=False
2024-10-27 11:33:58,082 [DEBUG] load_verify_locations cafile='/home/dotdev/venvs/voice_venv/lib/python3.10/site-packages/certifi/cacert.pem'
2024-10-27 11:34:00,498 [DEBUG] = connection is CONNECTING
2024-10-27 11:34:00,499 [DEBUG] > GET /v1/listen?smart_format=true&model=nova-2&language=en&encoding=linear16&sample_rate=16000&channels=1&interim_results=true HTTP/1.1
2024-10-27 11:34:00,499 [DEBUG] > Host: api.deepgram.com
2024-10-27 11:34:00,499 [DEBUG] > Upgrade: websocket
2024-10-27 11:34:00,499 [DEBUG] > Connection: Upgrade
2024-10-27 11:34:00,499 [DEBUG] > Sec-WebSocket-Key: hZOWBePCtOM9rpzYEC65Nw==
2024-10-27 11:34:00,499 [DEBUG] > Sec-WebSocket-Version: 13
2024-10-27 11:34:00,499 [DEBUG] > Sec-WebSocket-Extensions: permessage-deflate; client_max_window_bits
2024-10-27 11:34:00,499 [DEBUG] > Accept: application/json
2024-10-27 11:34:00,499 [DEBUG] > Authorization: Token 5f697c5e4c36e70379f979b858b4626dddde913e
2024-10-27 11:34:00,499 [DEBUG] > User-Agent: @deepgram/sdk/v3.7.3 python/10.12
2024-10-27 11:34:00,499 [DEBUG] > User-Agent: Python/3.10 websockets/13.1
2024-10-27 11:34:00,585 [DEBUG] < HTTP/1.1 101 Switching Protocols
2024-10-27 11:34:00,586 [DEBUG] < connection: upgrade
2024-10-27 11:34:00,586 [DEBUG] < upgrade: websocket
2024-10-27 11:34:00,586 [DEBUG] < sec-websocket-accept: WMmuGtDTZeU0TEilK3mo3NNDHi4=
2024-10-27 11:34:00,586 [DEBUG] < access-control-allow-credentials: true
2024-10-27 11:34:00,587 [DEBUG] < vary: origin
2024-10-27 11:34:00,587 [DEBUG] < vary: access-control-request-method
2024-10-27 11:34:00,587 [DEBUG] < vary: access-control-request-headers
2024-10-27 11:34:00,587 [DEBUG] < access-control-expose-headers: dg-model-name,dg-model-uuid,dg-char-count,dg-request-id,dg-error
2024-10-27 11:34:00,587 [DEBUG] < dg-request-id: 4ac991e1-9397-4a42-ade4-12c839a2ea78
2024-10-27 11:34:00,587 [DEBUG] < date: Sun, 27 Oct 2024 15:34:00 GMT
2024-10-27 11:34:00,587 [DEBUG] = connection is OPEN
2024-10-27 11:34:51,435 [INFO] === Starting AI Assistant ===
2024-10-27 11:34:51,503 [DEBUG] Using selector: _Selector
2024-10-27 11:34:51,505 [DEBUG] load_ssl_context verify=True cert=None trust_env=True http2=False
2024-10-27 11:34:51,506 [DEBUG] load_verify_locations cafile='/home/dotdev/venvs/voice_venv/lib/python3.10/site-packages/certifi/cacert.pem'
2024-10-27 11:34:55,949 [DEBUG] = connection is CONNECTING
2024-10-27 11:34:55,951 [DEBUG] > GET /v1/listen?smart_format=true&model=nova-2&language=en&encoding=linear16&sample_rate=16000&channels=1&interim_results=true HTTP/1.1
2024-10-27 11:34:55,951 [DEBUG] > Host: api.deepgram.com
2024-10-27 11:34:55,951 [DEBUG] > Upgrade: websocket
2024-10-27 11:34:55,951 [DEBUG] > Connection: Upgrade
2024-10-27 11:34:55,952 [DEBUG] > Sec-WebSocket-Key: 9ZshIEQnXuwTWEeR2j9kXA==
2024-10-27 11:34:55,952 [DEBUG] > Sec-WebSocket-Version: 13
2024-10-27 11:34:55,952 [DEBUG] > Sec-WebSocket-Extensions: permessage-deflate; client_max_window_bits
2024-10-27 11:34:55,952 [DEBUG] > Accept: application/json
2024-10-27 11:34:55,952 [DEBUG] > Authorization: Token 5f697c5e4c36e70379f979b858b4626dddde913e
2024-10-27 11:34:55,952 [DEBUG] > User-Agent: @deepgram/sdk/v3.7.3 python/10.12
2024-10-27 11:34:55,952 [DEBUG] > User-Agent: Python/3.10 websockets/13.1
2024-10-27 11:34:56,042 [DEBUG] < HTTP/1.1 101 Switching Protocols
2024-10-27 11:34:56,043 [DEBUG] < connection: upgrade
2024-10-27 11:34:56,043 [DEBUG] < upgrade: websocket
2024-10-27 11:34:56,043 [DEBUG] < sec-websocket-accept: 1LlAE9GUcAfZFmgUlYakaAIe0qs=
2024-10-27 11:34:56,043 [DEBUG] < access-control-allow-credentials: true
2024-10-27 11:34:56,043 [DEBUG] < vary: origin
2024-10-27 11:34:56,043 [DEBUG] < vary: access-control-request-method
2024-10-27 11:34:56,043 [DEBUG] < vary: access-control-request-headers
2024-10-27 11:34:56,043 [DEBUG] < access-control-expose-headers: dg-model-name,dg-model-uuid,dg-char-count,dg-request-id,dg-error
2024-10-27 11:34:56,043 [DEBUG] < dg-request-id: e922b767-b233-4152-a751-994131dc8bb5
2024-10-27 11:34:56,044 [DEBUG] < date: Sun, 27 Oct 2024 15:34:55 GMT
2024-10-27 11:34:56,044 [DEBUG] = connection is OPEN
2024-10-27 11:35:44,477 [INFO] === Starting AI Assistant ===
2024-10-27 11:35:44,605 [DEBUG] Using selector: _Selector
2024-10-27 11:35:44,607 [DEBUG] load_ssl_context verify=True cert=None trust_env=True http2=False
2024-10-27 11:35:44,608 [DEBUG] load_verify_locations cafile='/home/dotdev/venvs/voice_venv/lib/python3.10/site-packages/certifi/cacert.pem'
2024-10-27 11:35:49,366 [DEBUG] = connection is CONNECTING
2024-10-27 11:35:49,367 [DEBUG] > GET /v1/listen?encoding=linear16&sample_rate=48000&channels=1&model=nova-2 HTTP/1.1
2024-10-27 11:35:49,367 [DEBUG] > Host: api.deepgram.com
2024-10-27 11:35:49,367 [DEBUG] > Upgrade: websocket
2024-10-27 11:35:49,367 [DEBUG] > Connection: Upgrade
2024-10-27 11:35:49,367 [DEBUG] > Sec-WebSocket-Key: XZEhXa++1RbH0f9XxguC8A==
2024-10-27 11:35:49,367 [DEBUG] > Sec-WebSocket-Version: 13
2024-10-27 11:35:49,367 [DEBUG] > Sec-WebSocket-Extensions: permessage-deflate; client_max_window_bits
2024-10-27 11:35:49,367 [DEBUG] > Accept: application/json
2024-10-27 11:35:49,367 [DEBUG] > Authorization: Token 5f697c5e4c36e70379f979b858b4626dddde913e
2024-10-27 11:35:49,367 [DEBUG] > User-Agent: @deepgram/sdk/v3.7.3 python/10.12
2024-10-27 11:35:49,367 [DEBUG] > User-Agent: Python/3.10 websockets/13.1
2024-10-27 11:35:49,451 [DEBUG] < HTTP/1.1 101 Switching Protocols
2024-10-27 11:35:49,452 [DEBUG] < connection: upgrade
2024-10-27 11:35:49,452 [DEBUG] < upgrade: websocket
2024-10-27 11:35:49,452 [DEBUG] < sec-websocket-accept: Jig5PtuhdIDFWgBgTx/JtFNgMP0=
2024-10-27 11:35:49,452 [DEBUG] < access-control-allow-credentials: true
2024-10-27 11:35:49,452 [DEBUG] < vary: origin
2024-10-27 11:35:49,452 [DEBUG] < vary: access-control-request-method
2024-10-27 11:35:49,453 [DEBUG] < vary: access-control-request-headers
2024-10-27 11:35:49,453 [DEBUG] < access-control-expose-headers: dg-model-name,dg-model-uuid,dg-char-count,dg-request-id,dg-error
2024-10-27 11:35:49,453 [DEBUG] < dg-request-id: fdcc40e9-3fd1-46ad-a4fd-3a481f70722e
2024-10-27 11:35:49,453 [DEBUG] < date: Sun, 27 Oct 2024 15:35:49 GMT
2024-10-27 11:35:49,454 [DEBUG] = connection is OPEN
2024-10-27 11:36:29,570 [INFO] === Starting AI Assistant ===
2024-10-27 11:36:29,655 [DEBUG] Using selector: _Selector
2024-10-27 11:36:29,658 [DEBUG] load_ssl_context verify=True cert=None trust_env=True http2=False
2024-10-27 11:36:29,659 [DEBUG] load_verify_locations cafile='/home/dotdev/venvs/voice_venv/lib/python3.10/site-packages/certifi/cacert.pem'
2024-10-27 11:37:26,358 [INFO] === Starting AI Assistant ===
2024-10-27 11:37:26,436 [DEBUG] Using selector: _Selector
2024-10-27 11:37:26,439 [DEBUG] load_ssl_context verify=True cert=None trust_env=True http2=False
2024-10-27 11:37:26,440 [DEBUG] load_verify_locations cafile='/home/dotdev/venvs/voice_venv/lib/python3.10/site-packages/certifi/cacert.pem'
2024-10-27 11:39:49,835 [INFO] === Starting AI Assistant ===
2024-10-27 11:39:49,919 [DEBUG] Using selector: _Selector
2024-10-27 11:39:49,921 [DEBUG] load_ssl_context verify=True cert=None trust_env=True http2=False
2024-10-27 11:39:49,922 [DEBUG] load_verify_locations cafile='/home/dotdev/venvs/voice_venv/lib/python3.10/site-packages/certifi/cacert.pem'
2024-10-27 11:41:55,547 [INFO] === Starting AI Assistant ===
2024-10-27 11:41:55,603 [DEBUG] Using selector: _Selector
2024-10-27 11:41:55,605 [DEBUG] load_ssl_context verify=True cert=None trust_env=True http2=False
2024-10-27 11:41:55,606 [DEBUG] load_verify_locations cafile='/home/dotdev/venvs/voice_venv/lib/python3.10/site-packages/certifi/cacert.pem'
2024-10-27 11:42:54,939 [INFO] === Starting AI Assistant ===
2024-10-27 11:42:54,998 [DEBUG] Using selector: _Selector
2024-10-27 11:42:55,001 [DEBUG] load_ssl_context verify=True cert=None trust_env=True http2=False
2024-10-27 11:42:55,002 [DEBUG] load_verify_locations cafile='/home/dotdev/venvs/voice_venv/lib/python3.10/site-packages/certifi/cacert.pem'
2024-10-27 12:17:08,020 [INFO] === Starting AI Assistant ===
2024-10-27 12:17:08,121 [DEBUG] Using selector: _Selector
2024-10-27 12:17:08,123 [DEBUG] load_ssl_context verify=True cert=None trust_env=True http2=False
2024-10-27 12:17:08,124 [DEBUG] load_verify_locations cafile='/home/dotdev/venvs/voice_venv/lib/python3.10/site-packages/certifi/cacert.pem'
2024-10-27 12:19:08,752 [INFO] === Starting AI Assistant ===
2024-10-27 12:19:08,835 [DEBUG] Using selector: _Selector
2024-10-27 12:19:08,838 [DEBUG] load_ssl_context verify=True cert=None trust_env=True http2=False
2024-10-27 12:19:08,840 [DEBUG] load_verify_locations cafile='/home/dotdev/venvs/voice_venv/lib/python3.10/site-packages/certifi/cacert.pem'
2024-10-27 12:20:09,462 [INFO] === Starting AI Assistant ===
2024-10-27 12:20:09,521 [DEBUG] Using selector: _Selector
2024-10-27 12:20:09,526 [DEBUG] load_ssl_context verify=True cert=None trust_env=True http2=False
2024-10-27 12:20:09,527 [DEBUG] load_verify_locations cafile='/home/dotdev/venvs/voice_venv/lib/python3.10/site-packages/certifi/cacert.pem'
2024-10-27 12:22:33,610 [INFO] === Starting AI Assistant ===
2024-10-27 12:22:33,667 [DEBUG] Using selector: _Selector
2024-10-27 12:22:33,669 [INFO] === AI Assistant Shutdown ===
2024-10-27 12:23:38,085 [INFO] === Starting AI Assistant ===
2024-10-27 12:23:38,147 [DEBUG] Using selector: _Selector
2024-10-27 12:23:38,149 [DEBUG] load_ssl_context verify=True cert=None trust_env=True http2=False
2024-10-27 12:23:38,150 [DEBUG] load_verify_locations cafile='/home/dotdev/venvs/voice_venv/lib/python3.10/site-packages/certifi/cacert.pem'
2024-10-27 12:23:52,186 [INFO] === AI Assistant Shutdown ===
2024-10-27 12:24:39,920 [INFO] === Starting AI Assistant ===
2024-10-27 12:24:39,978 [DEBUG] Using selector: _Selector
2024-10-27 12:24:39,981 [DEBUG] load_ssl_context verify=True cert=None trust_env=True http2=False
2024-10-27 12:24:39,981 [DEBUG] load_verify_locations cafile='/home/dotdev/venvs/voice_venv/lib/python3.10/site-packages/certifi/cacert.pem'
2024-10-27 12:24:53,134 [INFO] === AI Assistant Shutdown ===
2024-10-27 12:26:57,391 [INFO] === Starting AI Assistant ===
2024-10-27 12:26:57,453 [DEBUG] Using selector: _Selector
2024-10-27 12:26:57,456 [DEBUG] load_ssl_context verify=True cert=None trust_env=True http2=False
2024-10-27 12:26:57,457 [DEBUG] load_verify_locations cafile='/home/dotdev/venvs/voice_venv/lib/python3.10/site-packages/certifi/cacert.pem'
2024-10-27 12:27:06,109 [INFO] === AI Assistant Shutdown ===
2024-10-27 12:28:52,053 [INFO] === Starting AI Assistant ===
2024-10-27 12:28:52,145 [DEBUG] Using selector: _Selector
2024-10-27 12:28:52,148 [DEBUG] load_ssl_context verify=True cert=None trust_env=True http2=False
2024-10-27 12:28:52,149 [DEBUG] load_verify_locations cafile='/home/dotdev/venvs/voice_venv/lib/python3.10/site-packages/certifi/cacert.pem'
2024-10-27 12:29:03,059 [INFO] === AI Assistant Shutdown ===
2024-10-27 12:30:32,523 [INFO] === Starting AI Assistant ===
2024-10-27 12:30:32,599 [DEBUG] Using selector: _Selector
2024-10-27 12:30:32,603 [DEBUG] load_ssl_context verify=True cert=None trust_env=True http2=False
2024-10-27 12:30:32,604 [DEBUG] load_verify_locations cafile='/home/dotdev/venvs/voice_venv/lib/python3.10/site-packages/certifi/cacert.pem'
2024-10-27 12:31:12,844 [INFO] === AI Assistant Shutdown ===
2024-10-27 12:32:19,572 [INFO] === Starting AI Assistant ===
2024-10-27 12:32:19,631 [DEBUG] Using selector: _Selector
2024-10-27 12:32:19,633 [DEBUG] load_ssl_context verify=True cert=None trust_env=True http2=False
2024-10-27 12:32:19,634 [DEBUG] load_verify_locations cafile='/home/dotdev/venvs/voice_venv/lib/python3.10/site-packages/certifi/cacert.pem'
2024-10-27 12:32:52,798 [INFO] === AI Assistant Shutdown ===
2024-10-27 12:33:40,305 [INFO] === Starting AI Assistant ===
2024-10-27 12:33:40,370 [DEBUG] Using selector: _Selector
2024-10-27 12:33:40,373 [DEBUG] load_ssl_context verify=True cert=None trust_env=True http2=False
2024-10-27 12:33:40,374 [DEBUG] load_verify_locations cafile='/home/dotdev/venvs/voice_venv/lib/python3.10/site-packages/certifi/cacert.pem'
2024-10-27 12:33:56,931 [INFO] === AI Assistant Shutdown ===
2024-10-27 12:35:18,221 [INFO] === Starting AI Assistant ===
2024-10-27 12:35:18,302 [DEBUG] Using selector: _Selector
2024-10-27 12:35:18,306 [DEBUG] load_ssl_context verify=True cert=None trust_env=True http2=False
2024-10-27 12:35:18,307 [DEBUG] load_verify_locations cafile='/home/dotdev/venvs/voice_venv/lib/python3.10/site-packages/certifi/cacert.pem'
2024-10-27 12:35:30,134 [INFO] === AI Assistant Shutdown ===
2024-10-27 12:36:29,694 [INFO] === Starting AI Assistant ===
2024-10-27 12:36:29,767 [DEBUG] Using selector: _Selector
2024-10-27 12:36:29,773 [DEBUG] load_ssl_context verify=True cert=None trust_env=True http2=False
2024-10-27 12:36:29,775 [DEBUG] load_verify_locations cafile='/home/dotdev/venvs/voice_venv/lib/python3.10/site-packages/certifi/cacert.pem'
2024-10-27 12:36:42,306 [INFO] === AI Assistant Shutdown ===
2024-10-27 12:37:13,204 [INFO] === Starting AI Assistant ===
2024-10-27 12:37:13,308 [DEBUG] Using selector: _Selector
2024-10-27 12:37:13,314 [DEBUG] load_ssl_context verify=True cert=None trust_env=True http2=False
2024-10-27 12:37:13,315 [DEBUG] load_verify_locations cafile='/home/dotdev/venvs/voice_venv/lib/python3.10/site-packages/certifi/cacert.pem'
2024-10-27 12:37:35,641 [INFO] === AI Assistant Shutdown ===
2024-10-27 12:38:44,405 [INFO] === Starting AI Assistant ===
2024-10-27 12:38:44,496 [DEBUG] Using selector: _Selector
2024-10-27 12:38:44,499 [DEBUG] load_ssl_context verify=True cert=None trust_env=True http2=False
2024-10-27 12:38:44,500 [DEBUG] load_verify_locations cafile='/home/dotdev/venvs/voice_venv/lib/python3.10/site-packages/certifi/cacert.pem'
2024-10-27 12:38:56,268 [INFO] === AI Assistant Shutdown ===
2024-10-27 12:39:56,214 [INFO] === Starting AI Assistant ===
2024-10-27 12:39:56,310 [DEBUG] Using selector: _Selector
2024-10-27 12:39:56,312 [DEBUG] load_ssl_context verify=True cert=None trust_env=True http2=False
2024-10-27 12:39:56,313 [DEBUG] load_verify_locations cafile='/home/dotdev/venvs/voice_venv/lib/python3.10/site-packages/certifi/cacert.pem'
2024-10-27 12:40:06,584 [INFO] === AI Assistant Shutdown ===
2024-10-27 12:41:05,609 [INFO] === Starting AI Assistant ===
2024-10-27 12:41:05,671 [DEBUG] Using selector: _Selector
2024-10-27 12:41:05,673 [DEBUG] load_ssl_context verify=True cert=None trust_env=True http2=False
2024-10-27 12:41:05,674 [DEBUG] load_verify_locations cafile='/home/dotdev/venvs/voice_venv/lib/python3.10/site-packages/certifi/cacert.pem'
2024-10-27 12:41:15,218 [INFO] === AI Assistant Shutdown ===
2024-10-27 12:42:36,082 [INFO] === Starting AI Assistant ===
2024-10-27 12:42:36,145 [DEBUG] Using selector: _Selector
2024-10-27 12:42:36,148 [DEBUG] load_ssl_context verify=True cert=None trust_env=True http2=False
2024-10-27 12:42:36,150 [DEBUG] load_verify_locations cafile='/home/dotdev/venvs/voice_venv/lib/python3.10/site-packages/certifi/cacert.pem'
2024-10-27 12:43:02,345 [INFO] === AI Assistant Shutdown ===
2024-10-27 12:43:26,105 [INFO] === Starting AI Assistant ===
2024-10-27 12:43:26,173 [DEBUG] Using selector: _Selector
2024-10-27 12:43:26,175 [DEBUG] load_ssl_context verify=True cert=None trust_env=True http2=False
2024-10-27 12:43:26,176 [DEBUG] load_verify_locations cafile='/home/dotdev/venvs/voice_venv/lib/python3.10/site-packages/certifi/cacert.pem'
2024-10-27 12:43:38,933 [INFO] === AI Assistant Shutdown ===
2024-10-27 12:45:40,349 [INFO] === Starting AI Assistant ===
2024-10-27 12:45:40,403 [DEBUG] Using selector: _Selector
2024-10-27 12:45:40,405 [DEBUG] load_ssl_context verify=True cert=None trust_env=True http2=False
2024-10-27 12:45:40,406 [DEBUG] load_verify_locations cafile='/home/dotdev/venvs/voice_venv/lib/python3.10/site-packages/certifi/cacert.pem'
2024-10-27 12:45:50,765 [INFO] === AI Assistant Shutdown ===
2024-10-27 12:46:35,546 [INFO] === Starting AI Assistant ===
2024-10-27 12:46:35,616 [DEBUG] Using selector: _Selector
2024-10-27 12:46:35,618 [DEBUG] load_ssl_context verify=True cert=None trust_env=True http2=False
2024-10-27 12:46:35,619 [DEBUG] load_verify_locations cafile='/home/dotdev/venvs/voice_venv/lib/python3.10/site-packages/certifi/cacert.pem'
2024-10-27 12:46:45,213 [INFO] === AI Assistant Shutdown ===
2024-10-27 12:48:09,016 [INFO] === Starting AI Assistant ===
2024-10-27 12:48:09,086 [DEBUG] Using selector: _Selector
2024-10-27 12:48:09,088 [DEBUG] load_ssl_context verify=True cert=None trust_env=True http2=False
2024-10-27 12:48:09,089 [DEBUG] load_verify_locations cafile='/home/dotdev/venvs/voice_venv/lib/python3.10/site-packages/certifi/cacert.pem'
2024-10-27 12:48:22,571 [INFO] === AI Assistant Shutdown ===
2024-10-27 12:49:10,138 [INFO] === Starting AI Assistant ===
2024-10-27 12:49:10,203 [DEBUG] Using selector: _Selector
2024-10-27 12:49:10,205 [DEBUG] load_ssl_context verify=True cert=None trust_env=True http2=False
2024-10-27 12:49:10,206 [DEBUG] load_verify_locations cafile='/home/dotdev/venvs/voice_venv/lib/python3.10/site-packages/certifi/cacert.pem'
2024-10-27 12:50:24,220 [INFO] === AI Assistant Shutdown ===
2024-10-27 12:51:26,418 [INFO] === Starting AI Assistant ===
2024-10-27 12:51:26,481 [DEBUG] Using selector: _Selector
2024-10-27 12:51:26,484 [DEBUG] load_ssl_context verify=True cert=None trust_env=True http2=False
2024-10-27 12:51:26,485 [DEBUG] load_verify_locations cafile='/home/dotdev/venvs/voice_venv/lib/python3.10/site-packages/certifi/cacert.pem'
2024-10-27 12:51:49,205 [INFO] === AI Assistant Shutdown ===
2024-10-27 12:59:23,399 [INFO] === Starting AI Assistant ===
2024-10-27 12:59:23,485 [DEBUG] Using selector: _Selector
2024-10-27 12:59:23,489 [DEBUG] load_ssl_context verify=True cert=None trust_env=True http2=False
2024-10-27 12:59:23,490 [DEBUG] load_verify_locations cafile='/home/dotdev/venvs/voice_venv/lib/python3.10/site-packages/certifi/cacert.pem'
2024-10-27 13:00:28,328 [INFO] === AI Assistant Shutdown ===
2024-10-27 13:04:24,768 [INFO] === Starting AI Assistant ===
2024-10-27 13:04:24,866 [DEBUG] Using selector: _Selector
2024-10-27 13:04:24,872 [DEBUG] load_ssl_context verify=True cert=None trust_env=True http2=False
2024-10-27 13:04:24,873 [DEBUG] load_verify_locations cafile='/home/dotdev/venvs/voice_venv/lib/python3.10/site-packages/certifi/cacert.pem'
2024-10-27 13:04:33,971 [INFO] === AI Assistant Shutdown ===
2024-10-27 13:05:10,504 [INFO] === Starting AI Assistant ===
2024-10-27 13:05:10,630 [DEBUG] Using selector: _Selector
2024-10-27 13:05:10,637 [DEBUG] load_ssl_context verify=True cert=None trust_env=True http2=False
2024-10-27 13:05:10,640 [DEBUG] load_verify_locations cafile='/home/dotdev/venvs/voice_venv/lib/python3.10/site-packages/certifi/cacert.pem'
2024-10-27 13:05:42,132 [INFO] === AI Assistant Shutdown ===
2024-10-27 13:07:19,245 [INFO] === Starting AI Assistant ===
2024-10-27 13:07:19,335 [DEBUG] Using selector: _Selector
2024-10-27 13:07:19,337 [DEBUG] load_ssl_context verify=True cert=None trust_env=True http2=False
2024-10-27 13:07:19,338 [DEBUG] load_verify_locations cafile='/home/dotdev/venvs/voice_venv/lib/python3.10/site-packages/certifi/cacert.pem'
2024-10-27 13:24:26,816 [INFO] === Starting AI Assistant ===
2024-10-27 13:24:26,902 [DEBUG] Using selector: _Selector
2024-10-27 13:24:26,909 [DEBUG] load_ssl_context verify=True cert=None trust_env=True http2=False
2024-10-27 13:24:26,911 [DEBUG] load_verify_locations cafile='/home/dotdev/venvs/voice_venv/lib/python3.10/site-packages/certifi/cacert.pem'
2024-10-27 13:24:45,940 [INFO] === AI Assistant Shutdown ===
2024-10-27 13:25:58,616 [INFO] === Starting AI Assistant ===
2024-10-27 13:25:58,679 [DEBUG] Using selector: _Selector
2024-10-27 13:25:58,682 [DEBUG] load_ssl_context verify=True cert=None trust_env=True http2=False
2024-10-27 13:25:58,684 [DEBUG] load_verify_locations cafile='/home/dotdev/venvs/voice_venv/lib/python3.10/site-packages/certifi/cacert.pem'
2024-10-27 13:26:16,500 [INFO] === AI Assistant Shutdown ===
2024-10-27 13:29:12,455 [INFO] === Starting AI Assistant ===
2024-10-27 13:29:12,540 [DEBUG] Using selector: _Selector
2024-10-27 13:29:12,542 [DEBUG] load_ssl_context verify=True cert=None trust_env=True http2=False
2024-10-27 13:29:12,543 [DEBUG] load_verify_locations cafile='/home/dotdev/venvs/voice_venv/lib/python3.10/site-packages/certifi/cacert.pem'
2024-10-27 13:35:34,281 [INFO] === AI Assistant Shutdown ===
